/*C11*/SET SCHEMA PUBLIC
DELETE FROM ALUNO WHERE ID='7a364a5c-a23e-4186-8987-5ed2c3fd34f4'
INSERT INTO ALUNO VALUES('7a364a5c-a23e-4186-8987-5ed2c3fd34f4',NULL,0,'',0,'2017-08-11 20:33:03.551000','Geovanni Venerando',0.0E0,'','')
COMMIT
/*C10*/SET SCHEMA PUBLIC
INSERT INTO ALUNO VALUES('fee4cdd6-9ff4-4b41-9aac-e715dcf692ae',NULL,0,'',0,'2017-08-11 20:33:49.599000','Felipe',10.0E0,'','')
COMMIT
/*C7*/SET SCHEMA PUBLIC
DELETE FROM ALUNO WHERE ID='fee4cdd6-9ff4-4b41-9aac-e715dcf692ae'
INSERT INTO ALUNO VALUES('fee4cdd6-9ff4-4b41-9aac-e715dcf692ae',NULL,1,'',0,'2017-08-11 20:34:45.697000','Felipe',10.0E0,'','')
COMMIT
DELETE FROM ALUNO WHERE ID='d00bd002-a874-4937-8597-177f3df6cb0a'
INSERT INTO ALUNO VALUES('d00bd002-a874-4937-8597-177f3df6cb0a',NULL,1,'',0,'2017-08-11 20:34:49.968000','Gabriel',0.0E0,'','')
COMMIT
DELETE FROM ALUNO WHERE ID='7a364a5c-a23e-4186-8987-5ed2c3fd34f4'
INSERT INTO ALUNO VALUES('7a364a5c-a23e-4186-8987-5ed2c3fd34f4',NULL,1,'',0,'2017-08-11 20:34:51.783000','Geovanni Venerando',0.0E0,'','')
COMMIT
/*C10*/INSERT INTO ALUNO VALUES('27bc5023-749c-4bf9-b46a-715a3ab527c8',NULL,0,'',0,'2017-08-11 20:38:53.927000','Geovanni Venerando',10.0E0,'','')
COMMIT
INSERT INTO ALUNO VALUES('a1998efd-57ca-4ae7-a7aa-e890dbd74cef',NULL,0,'',0,'2017-08-11 20:39:58.057000','Gabriel',0.0E0,'','')
COMMIT
/*C8*/SET SCHEMA PUBLIC
DELETE FROM ALUNO WHERE ID='27bc5023-749c-4bf9-b46a-715a3ab527c8'
INSERT INTO ALUNO VALUES('27bc5023-749c-4bf9-b46a-715a3ab527c8',NULL,0,'',0,'2017-08-11 20:41:08.506000','Geovanni Venerando',10.0E0,'','')
COMMIT
DELETE FROM ALUNO WHERE ID='a1998efd-57ca-4ae7-a7aa-e890dbd74cef'
INSERT INTO ALUNO VALUES('a1998efd-57ca-4ae7-a7aa-e890dbd74cef',NULL,0,'',0,'2017-08-11 20:41:16.295000','Gabriel Silva',0.0E0,'','')
COMMIT
DELETE FROM ALUNO WHERE ID='27bc5023-749c-4bf9-b46a-715a3ab527c8'
INSERT INTO ALUNO VALUES('27bc5023-749c-4bf9-b46a-715a3ab527c8',NULL,0,'',0,'2017-08-11 20:41:26.845000','Geovanni',10.0E0,'','')
COMMIT
/*C7*/DELETE FROM ALUNO WHERE ID='a1998efd-57ca-4ae7-a7aa-e890dbd74cef'
INSERT INTO ALUNO VALUES('a1998efd-57ca-4ae7-a7aa-e890dbd74cef',NULL,0,'',0,'2017-08-11 20:41:31.526000','Gabriel',0.0E0,'','')
COMMIT
DELETE FROM ALUNO WHERE ID='a1998efd-57ca-4ae7-a7aa-e890dbd74cef'
INSERT INTO ALUNO VALUES('a1998efd-57ca-4ae7-a7aa-e890dbd74cef',NULL,1,'',0,'2017-08-11 21:02:32.032000','Gabriel',0.0E0,'','')
COMMIT
DELETE FROM ALUNO WHERE ID='27bc5023-749c-4bf9-b46a-715a3ab527c8'
INSERT INTO ALUNO VALUES('27bc5023-749c-4bf9-b46a-715a3ab527c8',NULL,1,'',0,'2017-08-11 21:02:38.830000','Geovanni',10.0E0,'','')
COMMIT
